<?xml version="1.0" encoding="UTF-8"?>
<robot generator="Robot 7.0.1 (Python 3.12.3 on win32)" generated="2024-09-06T18:29:15.866495" rpa="false" schemaversion="5">
<suite id="s1" name="Suites">
<suite id="s1-s1" name="SalesTracker Test" source="C:\Users\THARUN_H\Downloads\Spira_Automation-test_RPA\SPIRA_Automation\Testcases\DASHBOARD_TEST\SalesTracker_Test.robot">
<test id="s1-s1-t1" name="Sales Tracker MENU Test" line="6">
<kw name="Open Login Page" owner="Loginpage_Keywords" type="SETUP">
<kw name="Evaluate" owner="BuiltIn">
<msg time="2024-09-06T18:29:19.422919" level="INFO">${options} = &lt;selenium.webdriver.chrome.options.Options object at 0x00000279308D0080&gt;</msg>
<var>${options}</var>
<arg>sys.modules['selenium.webdriver'].ChromeOptions()</arg>
<arg>sys, selenium.webdriver</arg>
<doc>Evaluates the given expression in Python and returns the result.</doc>
<status status="PASS" start="2024-09-06T18:29:19.422919" elapsed="0.000000"/>
</kw>
<kw name="Call Method" owner="BuiltIn">
<arg>${options}</arg>
<arg>add_argument</arg>
<arg>--headless</arg>
<doc>Calls the named method of the given object with the provided arguments.</doc>
<status status="PASS" start="2024-09-06T18:29:19.422919" elapsed="0.000000"/>
</kw>
<kw name="Call Method" owner="BuiltIn">
<arg>${options}</arg>
<arg>add_argument</arg>
<arg>--disable-gpu</arg>
<doc>Calls the named method of the given object with the provided arguments.</doc>
<status status="PASS" start="2024-09-06T18:29:19.422919" elapsed="0.000000"/>
</kw>
<kw name="Create Webdriver" owner="SeleniumLibrary">
<msg time="2024-09-06T18:29:19.426934" level="INFO">Creating an instance of the Chrome WebDriver.</msg>
<arg>Chrome</arg>
<arg>options=${options}</arg>
<doc>Creates an instance of Selenium WebDriver.</doc>
<status status="PASS" start="2024-09-06T18:29:19.422919" elapsed="2.963315"/>
</kw>
<kw name="Go To" owner="SeleniumLibrary">
<msg time="2024-09-06T18:29:22.388250" level="INFO">Opening url 'https://spira-qa.dtskill.com/Login'</msg>
<arg>${URL}</arg>
<doc>Navigates the current browser window to the provided ``url``.</doc>
<status status="PASS" start="2024-09-06T18:29:22.386234" elapsed="20.815171"/>
</kw>
<kw name="Sleep" owner="BuiltIn">
<msg time="2024-09-06T18:29:48.201710" level="INFO">Slept 5 seconds.</msg>
<arg>5s</arg>
<doc>Pauses the test executed for the given time.</doc>
<status status="PASS" start="2024-09-06T18:29:43.201405" elapsed="5.000305"/>
</kw>
<status status="PASS" start="2024-09-06T18:29:19.420461" elapsed="28.781249"/>
</kw>
<kw name="Maximize Browser Window" owner="SeleniumLibrary">
<doc>Maximizes current browser window.</doc>
<status status="PASS" start="2024-09-06T18:29:48.201710" elapsed="0.045204"/>
</kw>
<kw name="Fill Login Form" owner="Loginpage_Keywords">
<kw name="Input Text" owner="SeleniumLibrary">
<msg time="2024-09-06T18:29:48.248504" level="INFO">Typing text 'admin@gmail.com' into text field 'id=spira username'.</msg>
<arg>id=spira username</arg>
<arg>${email}</arg>
<doc>Types the given ``text`` into the text field identified by ``locator``.</doc>
<status status="PASS" start="2024-09-06T18:29:48.248504" elapsed="0.533460"/>
</kw>
<kw name="Input Text" owner="SeleniumLibrary">
<msg time="2024-09-06T18:29:48.781964" level="INFO">Typing text '123456' into text field 'id=password'.</msg>
<arg>id=password</arg>
<arg>${password}</arg>
<doc>Types the given ``text`` into the text field identified by ``locator``.</doc>
<status status="PASS" start="2024-09-06T18:29:48.781964" elapsed="0.175455"/>
</kw>
<arg>admin@gmail.com</arg>
<arg>123456</arg>
<status status="PASS" start="2024-09-06T18:29:48.248504" elapsed="0.708915"/>
</kw>
<kw name="Check Checkbox" owner="Loginpage_Keywords">
<kw name="Run Keyword And Return Status" owner="BuiltIn">
<kw name="Element Should Be Selected" owner="Loginpage_Keywords">
<kw name="Wait Until Element Is Visible" owner="SeleniumLibrary">
<arg>${locator}</arg>
<arg>10 seconds</arg>
<doc>Waits until the element ``locator`` is visible.</doc>
<status status="PASS" start="2024-09-06T18:29:48.960958" elapsed="0.050751"/>
</kw>
<kw name="Click Element" owner="SeleniumLibrary">
<msg time="2024-09-06T18:29:49.011709" level="INFO">Clicking element 'xpath=//*[@id='root']/div/div[2]/div[1]/form/div[2]/div/label[1]/span'.</msg>
<arg>${locator}</arg>
<doc>Click the element identified by ``locator``.</doc>
<status status="PASS" start="2024-09-06T18:29:49.011709" elapsed="0.095978"/>
</kw>
<kw name="Get Element Attribute" owner="SeleniumLibrary">
<msg time="2024-09-06T18:29:49.138537" level="INFO">${is_selected} = None</msg>
<var>${is_selected}</var>
<arg>${locator}</arg>
<arg>checked</arg>
<doc>Returns the value of ``attribute`` from the element ``locator``.</doc>
<status status="PASS" start="2024-09-06T18:29:49.107687" elapsed="0.030850"/>
</kw>
<kw name="Should Be Equal As Strings" owner="BuiltIn">
<msg time="2024-09-06T18:29:49.140050" level="INFO">Argument types are:
&lt;class 'NoneType'&gt;
&lt;class 'str'&gt;</msg>
<msg time="2024-09-06T18:29:49.140050" level="FAIL">None != true</msg>
<arg>${is_selected}</arg>
<arg>true</arg>
<doc>Fails if objects are unequal after converting them to strings.</doc>
<status status="FAIL" start="2024-09-06T18:29:49.138537" elapsed="0.001513">None != true</status>
</kw>
<arg>${locator}</arg>
<status status="FAIL" start="2024-09-06T18:29:48.960958" elapsed="0.179092">None != true</status>
</kw>
<msg time="2024-09-06T18:29:49.140050" level="INFO">${is_selected} = False</msg>
<var>${is_selected}</var>
<arg>Element Should Be Selected</arg>
<arg>${locator}</arg>
<doc>Runs the given keyword with given arguments and returns the status as a Boolean value.</doc>
<status status="PASS" start="2024-09-06T18:29:48.960958" elapsed="0.179092"/>
</kw>
<kw name="Run Keyword If" owner="BuiltIn">
<kw name="Click Element" owner="SeleniumLibrary">
<msg time="2024-09-06T18:29:49.140050" level="INFO">Clicking element 'xpath=//*[@id='root']/div/div[2]/div[1]/form/div[2]/div/label[1]/span'.</msg>
<arg>${locator}</arg>
<doc>Click the element identified by ``locator``.</doc>
<status status="PASS" start="2024-09-06T18:29:49.140050" elapsed="0.074991"/>
</kw>
<arg>not ${is_selected}</arg>
<arg>Click Element</arg>
<arg>${locator}</arg>
<doc>Runs the given keyword with the given arguments, if ``condition`` is true.</doc>
<status status="PASS" start="2024-09-06T18:29:49.140050" elapsed="0.074991"/>
</kw>
<arg>${CHECKBOX}</arg>
<status status="PASS" start="2024-09-06T18:29:48.957419" elapsed="0.257622"/>
</kw>
<kw name="Run Keyword And Return Status" owner="BuiltIn">
<kw name="Element Should Be Selected" owner="Loginpage_Keywords">
<kw name="Wait Until Element Is Visible" owner="SeleniumLibrary">
<arg>${locator}</arg>
<arg>10 seconds</arg>
<doc>Waits until the element ``locator`` is visible.</doc>
<status status="PASS" start="2024-09-06T18:29:49.216587" elapsed="0.029172"/>
</kw>
<kw name="Click Element" owner="SeleniumLibrary">
<msg time="2024-09-06T18:29:49.246817" level="INFO">Clicking element 'xpath=//*[@id='root']/div/div[2]/div[1]/form/div[2]/div/label[1]/span'.</msg>
<arg>${locator}</arg>
<doc>Click the element identified by ``locator``.</doc>
<status status="PASS" start="2024-09-06T18:29:49.246292" elapsed="0.063659"/>
</kw>
<kw name="Get Element Attribute" owner="SeleniumLibrary">
<msg time="2024-09-06T18:29:49.336831" level="INFO">${is_selected} = None</msg>
<var>${is_selected}</var>
<arg>${locator}</arg>
<arg>checked</arg>
<doc>Returns the value of ``attribute`` from the element ``locator``.</doc>
<status status="PASS" start="2024-09-06T18:29:49.311156" elapsed="0.025675"/>
</kw>
<kw name="Should Be Equal As Strings" owner="BuiltIn">
<msg time="2024-09-06T18:29:49.336831" level="INFO">Argument types are:
&lt;class 'NoneType'&gt;
&lt;class 'str'&gt;</msg>
<msg time="2024-09-06T18:29:49.336831" level="FAIL">None != true</msg>
<arg>${is_selected}</arg>
<arg>true</arg>
<doc>Fails if objects are unequal after converting them to strings.</doc>
<status status="FAIL" start="2024-09-06T18:29:49.336831" elapsed="0.000000">None != true</status>
</kw>
<arg>${CHECKBOX}</arg>
<status status="FAIL" start="2024-09-06T18:29:49.215566" elapsed="0.122792">None != true</status>
</kw>
<msg time="2024-09-06T18:29:49.338358" level="INFO">${selected} = False</msg>
<var>${selected}</var>
<arg>Element Should Be Selected</arg>
<arg>${CHECKBOX}</arg>
<doc>Runs the given keyword with given arguments and returns the status as a Boolean value.</doc>
<status status="PASS" start="2024-09-06T18:29:49.215566" elapsed="0.122792"/>
</kw>
<kw name="Click Login Button" owner="Loginpage_Keywords">
<kw name="Click Element" owner="SeleniumLibrary">
<msg time="2024-09-06T18:29:49.339890" level="INFO">Clicking element 'css=.spira-ui-btn'.</msg>
<arg>${LOGIN_BUTTON}</arg>
<doc>Click the element identified by ``locator``.</doc>
<status status="PASS" start="2024-09-06T18:29:49.338358" elapsed="0.090216"/>
</kw>
<status status="PASS" start="2024-09-06T18:29:49.338358" elapsed="0.090216"/>
</kw>
<kw name="Sleep" owner="BuiltIn">
<msg time="2024-09-06T18:29:59.430704" level="INFO">Slept 10 seconds.</msg>
<arg>10s</arg>
<doc>Pauses the test executed for the given time.</doc>
<status status="PASS" start="2024-09-06T18:29:49.428574" elapsed="10.002130"/>
</kw>
<kw name="Navigate To Page After Login" owner="Dashboard_keywords">
<kw name="Go To" owner="SeleniumLibrary">
<msg time="2024-09-06T18:29:59.430704" level="INFO">Opening url 'https://spira-qa.dtskill.com/SpiraAI/Dashboard'</msg>
<arg>${target_page_url}</arg>
<doc>Navigates the current browser window to the provided ``url``.</doc>
<status status="PASS" start="2024-09-06T18:29:59.430704" elapsed="1.357305"/>
</kw>
<kw name="Sleep" owner="BuiltIn">
<msg time="2024-09-06T18:30:03.788568" level="INFO">Slept 3 seconds.</msg>
<arg>3s</arg>
<doc>Pauses the test executed for the given time.</doc>
<status status="PASS" start="2024-09-06T18:30:00.788009" elapsed="3.000559"/>
</kw>
<arg>${TARGET_PAGE_URL}</arg>
<status status="PASS" start="2024-09-06T18:29:59.430704" elapsed="4.357864"/>
</kw>
<kw name="Click Element" owner="SeleniumLibrary">
<msg time="2024-09-06T18:30:03.788568" level="INFO">Clicking element 'css=.homesidebar-rightarrow'.</msg>
<arg>${DROPDOWN_PATH_CLICK}</arg>
<doc>Click the element identified by ``locator``.</doc>
<status status="PASS" start="2024-09-06T18:30:03.788568" elapsed="0.068117"/>
</kw>
<kw name="Test SalesTracker Menu" owner="Dashboard_keywords">
<kw name="Wait Until Element Is Visible" owner="SeleniumLibrary">
<arg>${DASHBOARD_PATH}</arg>
<arg>5s</arg>
<doc>Waits until the element ``locator`` is visible.</doc>
<status status="PASS" start="2024-09-06T18:30:03.856685" elapsed="0.247633"/>
</kw>
<kw name="Click Element" owner="SeleniumLibrary">
<msg time="2024-09-06T18:30:04.104318" level="INFO">Clicking element 'xpath = //*[@id='root']/main/aside/div[2]/ul/li[2]/div[2]/div/ul/div[1]'.</msg>
<arg>${DASHBOARD_PATH}</arg>
<doc>Click the element identified by ``locator``.</doc>
<status status="PASS" start="2024-09-06T18:30:04.104318" elapsed="0.240294"/>
</kw>
<kw name="Get Text" owner="SeleniumLibrary">
<msg time="2024-09-06T18:30:04.396611" level="INFO">${selected_option} = Dashboard</msg>
<var>${selected_option}</var>
<arg>${DASHBOARD_PATH}</arg>
<doc>Returns the text value of the element identified by ``locator``.</doc>
<status status="PASS" start="2024-09-06T18:30:04.344612" elapsed="0.051999"/>
</kw>
<kw name="Should Be Equal" owner="BuiltIn">
<arg>${selected_option}</arg>
<arg>Dashboard</arg>
<doc>Fails if the given objects are unequal.</doc>
<status status="PASS" start="2024-09-06T18:30:04.396611" elapsed="0.001554"/>
</kw>
<kw name="Sleep" owner="BuiltIn">
<msg time="2024-09-06T18:30:07.398620" level="INFO">Slept 3 seconds.</msg>
<arg>3s</arg>
<doc>Pauses the test executed for the given time.</doc>
<status status="PASS" start="2024-09-06T18:30:04.398165" elapsed="3.000455"/>
</kw>
<kw name="Wait Until Element Is Visible" owner="SeleniumLibrary">
<arg>${ALLENQUIRIES_PATH}</arg>
<arg>5s</arg>
<doc>Waits until the element ``locator`` is visible.</doc>
<status status="PASS" start="2024-09-06T18:30:07.398620" elapsed="0.028093"/>
</kw>
<kw name="Click Element" owner="SeleniumLibrary">
<msg time="2024-09-06T18:30:07.429222" level="INFO">Clicking element 'xpath = //*[@id='root']/main/aside/div[2]/ul/li[2]/div[2]/div/ul/div[2]'.</msg>
<arg>${ALLENQUIRIES_PATH}</arg>
<doc>Click the element identified by ``locator``.</doc>
<status status="PASS" start="2024-09-06T18:30:07.426713" elapsed="0.250990"/>
</kw>
<kw name="Get Text" owner="SeleniumLibrary">
<msg time="2024-09-06T18:30:07.716551" level="INFO">${selected_option} = All Enquiries</msg>
<var>${selected_option}</var>
<arg>${ALLENQUIRIES_PATH}</arg>
<doc>Returns the text value of the element identified by ``locator``.</doc>
<status status="PASS" start="2024-09-06T18:30:07.677703" elapsed="0.038848"/>
</kw>
<kw name="Should Be Equal" owner="BuiltIn">
<arg>${selected_option}</arg>
<arg>All Enquiries</arg>
<doc>Fails if the given objects are unequal.</doc>
<status status="PASS" start="2024-09-06T18:30:07.716551" elapsed="0.001111"/>
</kw>
<kw name="Sleep" owner="BuiltIn">
<msg time="2024-09-06T18:30:10.719201" level="INFO">Slept 3 seconds.</msg>
<arg>3s</arg>
<doc>Pauses the test executed for the given time.</doc>
<status status="PASS" start="2024-09-06T18:30:07.717662" elapsed="3.001539"/>
</kw>
<kw name="Wait Until Element Is Visible" owner="SeleniumLibrary">
<arg>${AWAITINGQUOTES_PATH}</arg>
<arg>5s</arg>
<doc>Waits until the element ``locator`` is visible.</doc>
<status status="PASS" start="2024-09-06T18:30:10.719201" elapsed="0.023657"/>
</kw>
<kw name="Click Element" owner="SeleniumLibrary">
<msg time="2024-09-06T18:30:10.742858" level="INFO">Clicking element 'xpath = //*[@id='root']/main/aside/div[2]/ul/li[2]/div[2]/div/ul/div[3]/li'.</msg>
<arg>${AWAITINGQUOTES_PATH}</arg>
<doc>Click the element identified by ``locator``.</doc>
<status status="PASS" start="2024-09-06T18:30:10.742858" elapsed="0.198287"/>
</kw>
<kw name="Get Text" owner="SeleniumLibrary">
<msg time="2024-09-06T18:30:10.987181" level="INFO">${selected_option} = Awaiting Quotes</msg>
<var>${selected_option}</var>
<arg>${AWAITINGQUOTES_PATH}</arg>
<doc>Returns the text value of the element identified by ``locator``.</doc>
<status status="PASS" start="2024-09-06T18:30:10.941145" elapsed="0.046036"/>
</kw>
<kw name="Should Be Equal" owner="BuiltIn">
<arg>${selected_option}</arg>
<arg>Awaiting Quotes</arg>
<doc>Fails if the given objects are unequal.</doc>
<status status="PASS" start="2024-09-06T18:30:10.989199" elapsed="0.000000"/>
</kw>
<kw name="Sleep" owner="BuiltIn">
<msg time="2024-09-06T18:30:13.989439" level="INFO">Slept 3 seconds.</msg>
<arg>3s</arg>
<doc>Pauses the test executed for the given time.</doc>
<status status="PASS" start="2024-09-06T18:30:10.989199" elapsed="3.000240"/>
</kw>
<kw name="Wait Until Element Is Visible" owner="SeleniumLibrary">
<arg>${AWAITINGORDERS_PATH}</arg>
<arg>5s</arg>
<doc>Waits until the element ``locator`` is visible.</doc>
<status status="PASS" start="2024-09-06T18:30:13.989439" elapsed="0.029826"/>
</kw>
<kw name="Click Element" owner="SeleniumLibrary">
<msg time="2024-09-06T18:30:14.020072" level="INFO">Clicking element 'xpath = //*[@id='root']/main/aside/div[2]/ul/li[2]/div[2]/div/ul/div[4]/li'.</msg>
<arg>${AWAITINGORDERS_PATH}</arg>
<doc>Click the element identified by ``locator``.</doc>
<status status="PASS" start="2024-09-06T18:30:14.019265" elapsed="0.192219"/>
</kw>
<kw name="Get Text" owner="SeleniumLibrary">
<msg time="2024-09-06T18:30:14.248022" level="INFO">${selected_option} = Awaiting Order</msg>
<var>${selected_option}</var>
<arg>${AWAITINGORDERS_PATH}</arg>
<doc>Returns the text value of the element identified by ``locator``.</doc>
<status status="PASS" start="2024-09-06T18:30:14.211484" elapsed="0.036538"/>
</kw>
<kw name="Should Be Equal" owner="BuiltIn">
<arg>${selected_option}</arg>
<arg>Awaiting Order</arg>
<doc>Fails if the given objects are unequal.</doc>
<status status="PASS" start="2024-09-06T18:30:14.248022" elapsed="0.000000"/>
</kw>
<kw name="Sleep" owner="BuiltIn">
<msg time="2024-09-06T18:30:17.248451" level="INFO">Slept 3 seconds.</msg>
<arg>3s</arg>
<doc>Pauses the test executed for the given time.</doc>
<status status="PASS" start="2024-09-06T18:30:14.248022" elapsed="3.000429"/>
</kw>
<kw name="Wait Until Element Is Visible" owner="SeleniumLibrary">
<arg>${ORDERPLACED_PATH}</arg>
<arg>5s</arg>
<doc>Waits until the element ``locator`` is visible.</doc>
<status status="PASS" start="2024-09-06T18:30:17.248451" elapsed="0.024345"/>
</kw>
<kw name="Click Element" owner="SeleniumLibrary">
<msg time="2024-09-06T18:30:17.272796" level="INFO">Clicking element 'xpath = //*[@id='root']/main/aside/div[2]/ul/li[2]/div[2]/div/ul/div[5]/li'.</msg>
<arg>${ORDERPLACED_PATH}</arg>
<doc>Click the element identified by ``locator``.</doc>
<status status="PASS" start="2024-09-06T18:30:17.272796" elapsed="0.172789"/>
</kw>
<kw name="Get Text" owner="SeleniumLibrary">
<msg time="2024-09-06T18:30:17.486083" level="INFO">${selected_option} = Order Placed</msg>
<var>${selected_option}</var>
<arg>${ORDERPLACED_PATH}</arg>
<doc>Returns the text value of the element identified by ``locator``.</doc>
<status status="PASS" start="2024-09-06T18:30:17.446183" elapsed="0.039900"/>
</kw>
<kw name="Should Be Equal" owner="BuiltIn">
<arg>${selected_option}</arg>
<arg>Order Placed</arg>
<doc>Fails if the given objects are unequal.</doc>
<status status="PASS" start="2024-09-06T18:30:17.486677" elapsed="0.000000"/>
</kw>
<kw name="Sleep" owner="BuiltIn">
<msg time="2024-09-06T18:30:20.487190" level="INFO">Slept 3 seconds.</msg>
<arg>3s</arg>
<doc>Pauses the test executed for the given time.</doc>
<status status="PASS" start="2024-09-06T18:30:17.486677" elapsed="3.000513"/>
</kw>
<kw name="Wait Until Element Is Visible" owner="SeleniumLibrary">
<arg>${REPORT_PATH}</arg>
<arg>5s</arg>
<doc>Waits until the element ``locator`` is visible.</doc>
<status status="PASS" start="2024-09-06T18:30:20.487190" elapsed="0.019667"/>
</kw>
<kw name="Click Element" owner="SeleniumLibrary">
<msg time="2024-09-06T18:30:20.507951" level="INFO">Clicking element 'xpath = //*[@id='root']/main/aside/div[2]/ul/li[2]/div[2]/div/ul/div[6]/li'.</msg>
<arg>${REPORT_PATH}</arg>
<doc>Click the element identified by ``locator``.</doc>
<status status="PASS" start="2024-09-06T18:30:20.507951" elapsed="0.047799"/>
</kw>
<kw name="Get Text" owner="SeleniumLibrary">
<msg time="2024-09-06T18:30:20.566955" level="INFO">${selected_option} = Report</msg>
<var>${selected_option}</var>
<arg>${REPORT_PATH}</arg>
<doc>Returns the text value of the element identified by ``locator``.</doc>
<status status="PASS" start="2024-09-06T18:30:20.556757" elapsed="0.010198"/>
</kw>
<kw name="Should Be Equal" owner="BuiltIn">
<arg>${selected_option}</arg>
<arg>Report</arg>
<doc>Fails if the given objects are unequal.</doc>
<status status="PASS" start="2024-09-06T18:30:20.566955" elapsed="0.000000"/>
</kw>
<kw name="Sleep" owner="BuiltIn">
<msg time="2024-09-06T18:30:23.567144" level="INFO">Slept 3 seconds.</msg>
<arg>3s</arg>
<doc>Pauses the test executed for the given time.</doc>
<status status="PASS" start="2024-09-06T18:30:20.566955" elapsed="3.000189"/>
</kw>
<kw name="Click Element" owner="SeleniumLibrary">
<msg time="2024-09-06T18:30:23.567144" level="INFO">Clicking element 'css=.homesidebar-rightarrow'.</msg>
<arg>${DROPDOWN_PATH_CLICK}</arg>
<doc>Click the element identified by ``locator``.</doc>
<status status="PASS" start="2024-09-06T18:30:23.567144" elapsed="0.062257"/>
</kw>
<kw name="Sleep" owner="BuiltIn">
<msg time="2024-09-06T18:30:24.629967" level="INFO">Slept 1 second.</msg>
<arg>1s</arg>
<doc>Pauses the test executed for the given time.</doc>
<status status="PASS" start="2024-09-06T18:30:23.629401" elapsed="1.000566"/>
</kw>
<status status="PASS" start="2024-09-06T18:30:03.856685" elapsed="20.773282"/>
</kw>
<kw name="Close Browser" owner="SeleniumLibrary" type="TEARDOWN">
<doc>Closes the current browser.</doc>
<status status="PASS" start="2024-09-06T18:30:24.629967" elapsed="2.136999"/>
</kw>
<status status="PASS" start="2024-09-06T18:29:19.420461" elapsed="67.346505"/>
</test>
<status status="PASS" start="2024-09-06T18:29:15.926625" elapsed="70.840341"/>
</suite>
<status status="PASS" start="2024-09-06T18:29:15.906561" elapsed="70.876569"/>
</suite>
<statistics>
<total>
<stat pass="1" fail="0" skip="0">All Tests</stat>
</total>
<tag>
</tag>
<suite>
<stat pass="1" fail="0" skip="0" id="s1" name="Suites">Suites</stat>
<stat pass="1" fail="0" skip="0" id="s1-s1" name="SalesTracker Test">Suites.SalesTracker Test</stat>
</suite>
</statistics>
<errors>
<msg time="2024-09-06T18:29:19.396858" level="ERROR">Error in file 'C:\Users\THARUN_H\Downloads\Spira_Automation-test_RPA\SPIRA_Automation\settings\Settings.robot' on line 3: Importing library 'C:\Users\THARUN_H\Downloads\Spira_Automation-test_RPA\SPIRA_Automation\webdriver_setup.py' failed: JSONDecodeError: Expecting value: line 1 column 1 (char 0)
Traceback (most recent call last):
  File "C:\Users\THARUN_H\Downloads\Spira_Automation-test_RPA\SPIRA_Automation\webdriver_setup.py", line 6, in &lt;module&gt;
    driver = webdriver.Chrome(service=Service(ChromeDriverManager().install()))
                                              ^^^^^^^^^^^^^^^^^^^^^^^^^^^^^^^
  File "C:\Users\THARUN_H\Downloads\Spira_Automation-test_RPA\SPIRA_Automation\venv\Lib\site-packages\webdriver_manager\chrome.py", line 40, in install
    driver_path = self._get_driver_binary_path(self.driver)
                  ^^^^^^^^^^^^^^^^^^^^^^^^^^^^^^^^^^^^^^^^^
  File "C:\Users\THARUN_H\Downloads\Spira_Automation-test_RPA\SPIRA_Automation\venv\Lib\site-packages\webdriver_manager\core\manager.py", line 35, in _get_driver_binary_path
    binary_path = self._cache_manager.find_driver(driver)
                  ^^^^^^^^^^^^^^^^^^^^^^^^^^^^^^^^^^^^^^^
  File "C:\Users\THARUN_H\Downloads\Spira_Automation-test_RPA\SPIRA_Automation\venv\Lib\site-packages\webdriver_manager\core\driver_cache.py", line 108, in find_driver
    metadata = self.load_metadata_content()
               ^^^^^^^^^^^^^^^^^^^^^^^^^^^^
  File "C:\Users\THARUN_H\Downloads\Spira_Automation-test_RPA\SPIRA_Automation\venv\Lib\site-packages\webdriver_manager\core\driver_cache.py", line 137, in load_metadata_content
    return json.load(outfile)
           ^^^^^^^^^^^^^^^^^^
  File "C:\Program Files\Python312\Lib\json\__init__.py", line 293, in load
    return loads(fp.read(),
           ^^^^^^^^^^^^^^^^
  File "C:\Program Files\Python312\Lib\json\__init__.py", line 346, in loads
    return _default_decoder.decode(s)
           ^^^^^^^^^^^^^^^^^^^^^^^^^^
  File "C:\Program Files\Python312\Lib\json\decoder.py", line 337, in decode
    obj, end = self.raw_decode(s, idx=_w(s, 0).end())
               ^^^^^^^^^^^^^^^^^^^^^^^^^^^^^^^^^^^^^^
  File "C:\Program Files\Python312\Lib\json\decoder.py", line 355, in raw_decode
    raise JSONDecodeError("Expecting value", s, err.value) from None
PYTHONPATH:
  C:\Users\THARUN_H\Downloads\Spira_Automation-test_RPA\SPIRA_Automation
  C:\Users\THARUN_H\Downloads\Spira_Automation-test_RPA\SPIRA_Automation\venv\Scripts\robot.exe
  C:\Program Files\Python312\python312.zip
  C:\Program Files\Python312\DLLs
  C:\Program Files\Python312\Lib
  C:\Program Files\Python312
  C:\Users\THARUN_H\Downloads\Spira_Automation-test_RPA\SPIRA_Automation\venv
  C:\Users\THARUN_H\Downloads\Spira_Automation-test_RPA\SPIRA_Automation\venv\Lib\site-packages</msg>
</errors>
</robot>
