<?xml version="1.0" encoding="UTF-8"?>
<robot generator="Robot 7.0.1 (Python 3.12.3 on win32)" generated="2024-09-06T18:29:15.864982" rpa="false" schemaversion="5">
<suite id="s1" name="Suites">
<suite id="s1-s1" name="Forgot password" source="C:\Users\THARUN_H\Downloads\Spira_Automation-test_RPA\SPIRA_Automation\Testcases\LOGIN_PAGE_TEST\Forgot_password.robot">
<test id="s1-s1-t1" name="FORGOT PASSWORD ELEMENT VERIFICATION" line="6">
<kw name="Open Login Page" owner="Loginpage_Keywords" type="SETUP">
<kw name="Evaluate" owner="BuiltIn">
<msg time="2024-09-06T18:29:19.386921" level="INFO">${options} = &lt;selenium.webdriver.chrome.options.Options object at 0x0000020C17004110&gt;</msg>
<var>${options}</var>
<arg>sys.modules['selenium.webdriver'].ChromeOptions()</arg>
<arg>sys, selenium.webdriver</arg>
<doc>Evaluates the given expression in Python and returns the result.</doc>
<status status="PASS" start="2024-09-06T18:29:19.386921" elapsed="0.000000"/>
</kw>
<kw name="Call Method" owner="BuiltIn">
<arg>${options}</arg>
<arg>add_argument</arg>
<arg>--headless</arg>
<doc>Calls the named method of the given object with the provided arguments.</doc>
<status status="PASS" start="2024-09-06T18:29:19.386921" elapsed="0.005011"/>
</kw>
<kw name="Call Method" owner="BuiltIn">
<arg>${options}</arg>
<arg>add_argument</arg>
<arg>--disable-gpu</arg>
<doc>Calls the named method of the given object with the provided arguments.</doc>
<status status="PASS" start="2024-09-06T18:29:19.391932" elapsed="0.000000"/>
</kw>
<kw name="Create Webdriver" owner="SeleniumLibrary">
<msg time="2024-09-06T18:29:19.393333" level="INFO">Creating an instance of the Chrome WebDriver.</msg>
<arg>Chrome</arg>
<arg>options=${options}</arg>
<doc>Creates an instance of Selenium WebDriver.</doc>
<status status="PASS" start="2024-09-06T18:29:19.393333" elapsed="2.536131"/>
</kw>
<kw name="Go To" owner="SeleniumLibrary">
<msg time="2024-09-06T18:29:21.932012" level="INFO">Opening url 'https://spira-qa.dtskill.com/Login'</msg>
<arg>${URL}</arg>
<doc>Navigates the current browser window to the provided ``url``.</doc>
<status status="PASS" start="2024-09-06T18:29:21.932012" elapsed="51.936767"/>
</kw>
<kw name="Sleep" owner="BuiltIn">
<msg time="2024-09-06T18:30:18.868883" level="INFO">Slept 5 seconds.</msg>
<arg>5s</arg>
<doc>Pauses the test executed for the given time.</doc>
<status status="PASS" start="2024-09-06T18:30:13.868779" elapsed="5.000104"/>
</kw>
<status status="PASS" start="2024-09-06T18:29:19.386921" elapsed="59.481962"/>
</kw>
<kw name="Maximize Browser Window" owner="SeleniumLibrary">
<doc>Maximizes current browser window.</doc>
<status status="PASS" start="2024-09-06T18:30:18.868883" elapsed="0.018131"/>
</kw>
<kw name="Forgot Password" owner="Loginpage_Keywords">
<kw name="Click Link" owner="SeleniumLibrary">
<msg time="2024-09-06T18:30:18.887014" level="INFO">Clicking link 'css=.forgot-pass a'.</msg>
<arg>${FORGOT_PASSWORD}</arg>
<doc>Clicks a link identified by ``locator``.</doc>
<status status="PASS" start="2024-09-06T18:30:18.887014" elapsed="0.176483"/>
</kw>
<kw name="Close Browser" owner="SeleniumLibrary">
<doc>Closes the current browser.</doc>
<status status="PASS" start="2024-09-06T18:30:19.064511" elapsed="4.045598"/>
</kw>
<doc>A test case to test the forgot password link</doc>
<status status="PASS" start="2024-09-06T18:30:18.887014" elapsed="4.223095"/>
</kw>
<kw name="Close Browser" owner="SeleniumLibrary" type="TEARDOWN">
<doc>Closes the current browser.</doc>
<status status="PASS" start="2024-09-06T18:30:23.110109" elapsed="0.000000"/>
</kw>
<status status="PASS" start="2024-09-06T18:29:19.386921" elapsed="63.723188"/>
</test>
<status status="PASS" start="2024-09-06T18:29:15.930658" elapsed="67.179451"/>
</suite>
<status status="PASS" start="2024-09-06T18:29:15.906561" elapsed="67.217345"/>
</suite>
<statistics>
<total>
<stat pass="1" fail="0" skip="0">All Tests</stat>
</total>
<tag>
</tag>
<suite>
<stat pass="1" fail="0" skip="0" id="s1" name="Suites">Suites</stat>
<stat pass="1" fail="0" skip="0" id="s1-s1" name="Forgot password">Suites.Forgot password</stat>
</suite>
</statistics>
<errors>
<msg time="2024-09-06T18:29:19.366713" level="ERROR">Error in file 'C:\Users\THARUN_H\Downloads\Spira_Automation-test_RPA\SPIRA_Automation\settings\Settings.robot' on line 3: Importing library 'C:\Users\THARUN_H\Downloads\Spira_Automation-test_RPA\SPIRA_Automation\webdriver_setup.py' failed: JSONDecodeError: Expecting value: line 1 column 1 (char 0)
Traceback (most recent call last):
  File "C:\Users\THARUN_H\Downloads\Spira_Automation-test_RPA\SPIRA_Automation\webdriver_setup.py", line 6, in &lt;module&gt;
    driver = webdriver.Chrome(service=Service(ChromeDriverManager().install()))
                                              ^^^^^^^^^^^^^^^^^^^^^^^^^^^^^^^
  File "C:\Users\THARUN_H\Downloads\Spira_Automation-test_RPA\SPIRA_Automation\venv\Lib\site-packages\webdriver_manager\chrome.py", line 40, in install
    driver_path = self._get_driver_binary_path(self.driver)
                  ^^^^^^^^^^^^^^^^^^^^^^^^^^^^^^^^^^^^^^^^^
  File "C:\Users\THARUN_H\Downloads\Spira_Automation-test_RPA\SPIRA_Automation\venv\Lib\site-packages\webdriver_manager\core\manager.py", line 35, in _get_driver_binary_path
    binary_path = self._cache_manager.find_driver(driver)
                  ^^^^^^^^^^^^^^^^^^^^^^^^^^^^^^^^^^^^^^^
  File "C:\Users\THARUN_H\Downloads\Spira_Automation-test_RPA\SPIRA_Automation\venv\Lib\site-packages\webdriver_manager\core\driver_cache.py", line 108, in find_driver
    metadata = self.load_metadata_content()
               ^^^^^^^^^^^^^^^^^^^^^^^^^^^^
  File "C:\Users\THARUN_H\Downloads\Spira_Automation-test_RPA\SPIRA_Automation\venv\Lib\site-packages\webdriver_manager\core\driver_cache.py", line 137, in load_metadata_content
    return json.load(outfile)
           ^^^^^^^^^^^^^^^^^^
  File "C:\Program Files\Python312\Lib\json\__init__.py", line 293, in load
    return loads(fp.read(),
           ^^^^^^^^^^^^^^^^
  File "C:\Program Files\Python312\Lib\json\__init__.py", line 346, in loads
    return _default_decoder.decode(s)
           ^^^^^^^^^^^^^^^^^^^^^^^^^^
  File "C:\Program Files\Python312\Lib\json\decoder.py", line 337, in decode
    obj, end = self.raw_decode(s, idx=_w(s, 0).end())
               ^^^^^^^^^^^^^^^^^^^^^^^^^^^^^^^^^^^^^^
  File "C:\Program Files\Python312\Lib\json\decoder.py", line 355, in raw_decode
    raise JSONDecodeError("Expecting value", s, err.value) from None
PYTHONPATH:
  C:\Users\THARUN_H\Downloads\Spira_Automation-test_RPA\SPIRA_Automation
  C:\Users\THARUN_H\Downloads\Spira_Automation-test_RPA\SPIRA_Automation\venv\Scripts\robot.exe
  C:\Program Files\Python312\python312.zip
  C:\Program Files\Python312\DLLs
  C:\Program Files\Python312\Lib
  C:\Program Files\Python312
  C:\Users\THARUN_H\Downloads\Spira_Automation-test_RPA\SPIRA_Automation\venv
  C:\Users\THARUN_H\Downloads\Spira_Automation-test_RPA\SPIRA_Automation\venv\Lib\site-packages</msg>
</errors>
</robot>
